<?xml version="1.0" encoding="UTF-8"?>
<!-- Generated by org.testng.reporters.JUnitReportReporter -->
<testsuite skipped="0" hostname="DESKTOP-G674484" name="TestFunctions.SettingsFunctions_Role" tests="4" failures="0" timestamp="2021-01-18T16:47:32 IST" time="21.814" errors="0">
  <testcase name="addRole" time="7.595" classname="TestFunctions.SettingsFunctions_Role"/>
  <system-out/>
  <testcase name="updateStatus" time="4.471" classname="TestFunctions.SettingsFunctions_Role"/>
  <system-out/>
  <testcase name="editCourse" time="5.314" classname="TestFunctions.SettingsFunctions_Role"/>
  <system-out/>
  <testcase name="deleteCourse" time="4.434" classname="TestFunctions.SettingsFunctions_Role"/>
  <system-out/>
</testsuite> <!-- TestFunctions.SettingsFunctions_Role -->
