<?xml version="1.0" encoding="UTF-8"?>
<!-- Generated by org.testng.reporters.JUnitReportReporter -->
<testsuite skipped="0" hostname="DESKTOP-G674484" name="TestFunctions.SettingsFunctions_CourseOfStudy" tests="4" failures="0" timestamp="2021-01-19T11:02:02 IST" time="21.001" errors="0">
  <testcase name="addCourseOfStudy" time="7.433" classname="TestFunctions.SettingsFunctions_CourseOfStudy"/>
  <system-out/>
  <testcase name="updateStatus" time="4.444" classname="TestFunctions.SettingsFunctions_CourseOfStudy"/>
  <system-out/>
  <testcase name="editCourse" time="4.684" classname="TestFunctions.SettingsFunctions_CourseOfStudy"/>
  <system-out/>
  <testcase name="deleteCourse" time="4.440" classname="TestFunctions.SettingsFunctions_CourseOfStudy"/>
  <system-out/>
</testsuite> <!-- TestFunctions.SettingsFunctions_CourseOfStudy -->
