<?xml version="1.0" encoding="UTF-8"?>
<!-- Generated by org.testng.reporters.JUnitReportReporter -->
<testsuite skipped="0" hostname="DESKTOP-G674484" name="TestFunctions.Student_DeleteStudent" tests="1" failures="0" timestamp="2021-01-20T17:12:16 IST" time="4.577" errors="0">
  <testcase name="deleteStudentProfile" time="4.577" classname="TestFunctions.Student_DeleteStudent"/>
  <system-out/>
</testsuite> <!-- TestFunctions.Student_DeleteStudent -->
