<?xml version="1.0" encoding="UTF-8"?>
<!-- Generated by org.testng.reporters.JUnitReportReporter -->
<testsuite skipped="0" hostname="DESKTOP-G674484" name="TestFunctions.Login" tests="1" failures="0" timestamp="2021-01-19T11:16:40 IST" time="0.941" errors="0">
  <testcase name="verifyLogin" time="0.941" classname="TestFunctions.Login"/>
  <system-out/>
</testsuite> <!-- TestFunctions.Login -->
