<?xml version="1.0" encoding="UTF-8"?>
<!-- Generated by org.testng.reporters.JUnitReportReporter -->
<testsuite skipped="0" hostname="DESKTOP-G674484" name="TestFunctions.SettingsFunctions_Delete_SupportType" tests="1" failures="0" timestamp="2021-01-20T13:17:06 IST" time="4.401" errors="0">
  <testcase name="deleteSupportType" time="4.401" classname="TestFunctions.SettingsFunctions_Delete_SupportType"/>
  <system-out/>
</testsuite> <!-- TestFunctions.SettingsFunctions_Delete_SupportType -->
