<?xml version="1.0" encoding="UTF-8"?>
<!-- Generated by org.testng.reporters.JUnitReportReporter -->
<testsuite skipped="0" hostname="DESKTOP-G674484" name="TestFunctions.Login_Admin" tests="1" failures="0" timestamp="2021-02-03T13:31:22 IST" time="0.311" errors="0">
  <testcase name="verifyLogin" time="0.311" classname="TestFunctions.Login_Admin"/>
  <system-out/>
</testsuite> <!-- TestFunctions.Login_Admin -->
