<?xml version="1.0" encoding="UTF-8"?>
<!-- Generated by org.testng.reporters.JUnitReportReporter -->
<testsuite skipped="0" hostname="DESKTOP-G674484" name="TestFunctions.Staff_CreateStaff" tests="1" failures="0" timestamp="2021-01-20T15:09:19 IST" time="10.911" errors="0">
  <testcase name="createStaffProfile" time="10.911" classname="TestFunctions.Staff_CreateStaff"/>
  <system-out/>
</testsuite> <!-- TestFunctions.Staff_CreateStaff -->
