<?xml version="1.0" encoding="UTF-8"?>
<!-- Generated by org.testng.reporters.JUnitReportReporter -->
<testsuite skipped="0" hostname="DESKTOP-G674484" name="TestFunctions.SettingsFunctions_CourseOfStudy" tests="4" failures="0" timestamp="2021-01-18T16:47:32 IST" time="21.014" errors="0">
  <testcase name="addCourseOfStudy" time="6.947" classname="TestFunctions.SettingsFunctions_CourseOfStudy"/>
  <system-out/>
  <testcase name="updateStatus" time="4.453" classname="TestFunctions.SettingsFunctions_CourseOfStudy"/>
  <system-out/>
  <testcase name="editCourse" time="5.194" classname="TestFunctions.SettingsFunctions_CourseOfStudy"/>
  <system-out/>
  <testcase name="deleteCourse" time="4.420" classname="TestFunctions.SettingsFunctions_CourseOfStudy"/>
  <system-out/>
</testsuite> <!-- TestFunctions.SettingsFunctions_CourseOfStudy -->
