<?xml version="1.0" encoding="UTF-8"?>
<!-- Generated by org.testng.reporters.JUnitReportReporter -->
<testsuite skipped="0" hostname="DESKTOP-G674484" name="TestFunctions.Staff_DeleteStaff" tests="1" failures="0" timestamp="2021-01-20T13:17:06 IST" time="4.431" errors="0">
  <testcase name="createStaffProfile" time="4.431" classname="TestFunctions.Staff_DeleteStaff"/>
  <system-out/>
</testsuite> <!-- TestFunctions.Staff_DeleteStaff -->
