<?xml version="1.0" encoding="UTF-8"?>
<!-- Generated by org.testng.reporters.JUnitReportReporter -->
<testsuite skipped="0" hostname="DESKTOP-G674484" name="TestFunctions.SettingsFunctions_Add_SupportType" tests="1" failures="0" timestamp="2021-01-20T15:09:19 IST" time="1.361" errors="0">
  <testcase name="addSupportType" time="1.361" classname="TestFunctions.SettingsFunctions_Add_SupportType"/>
  <system-out/>
</testsuite> <!-- TestFunctions.SettingsFunctions_Add_SupportType -->
