<?xml version="1.0" encoding="UTF-8"?>
<!-- Generated by org.testng.reporters.JUnitReportReporter -->
<testsuite skipped="0" hostname="DESKTOP-G674484" name="TestFunctions.Student_CreateStudent" tests="1" failures="0" timestamp="2021-01-20T17:01:17 IST" time="11.547" errors="0">
  <testcase name="createStudentProfile" time="11.547" classname="TestFunctions.Student_CreateStudent"/>
  <system-out/>
</testsuite> <!-- TestFunctions.Student_CreateStudent -->
