<?xml version="1.0" encoding="UTF-8"?>
<!-- Generated by org.testng.reporters.JUnitReportReporter -->
<testsuite skipped="1" hostname="DESKTOP-G674484" name="TestFunctions.Staff_CreateStaff" tests="1" failures="0" timestamp="2021-01-29T14:05:36 IST" time="0.000" errors="0">
  <testcase name="createStaffProfile" time="0.000" classname="TestFunctions.Staff_CreateStaff">
    <skipped/>
  </testcase> <!-- createStaffProfile -->
  <system-out/>
</testsuite> <!-- TestFunctions.Staff_CreateStaff -->
