<?xml version="1.0" encoding="UTF-8"?>
<!-- Generated by org.testng.reporters.JUnitReportReporter -->
<testsuite skipped="0" hostname="DESKTOP-G674484" name="TestFunctions.SettingsFunctions_Add_SupportType" tests="1" failures="0" timestamp="2021-01-25T17:12:28 IST" time="1.229" errors="0">
  <testcase name="addSupportType" time="1.229" classname="TestFunctions.SettingsFunctions_Add_SupportType"/>
  <system-out/>
</testsuite> <!-- TestFunctions.SettingsFunctions_Add_SupportType -->
