<?xml version="1.0" encoding="UTF-8"?>
<!-- Generated by org.testng.reporters.JUnitReportReporter -->
<testsuite skipped="0" hostname="DESKTOP-G674484" name="TestFunctions.SettingsFunctions_SupportType" tests="4" failures="0" timestamp="2021-01-18T16:47:32 IST" time="21.770" errors="0">
  <testcase name="addSupportType" time="7.548" classname="TestFunctions.SettingsFunctions_SupportType"/>
  <system-out/>
  <testcase name="updateStatus" time="4.436" classname="TestFunctions.SettingsFunctions_SupportType"/>
  <system-out/>
  <testcase name="editSupportType" time="5.343" classname="TestFunctions.SettingsFunctions_SupportType"/>
  <system-out/>
  <testcase name="deleteSupportType" time="4.443" classname="TestFunctions.SettingsFunctions_SupportType"/>
  <system-out/>
</testsuite> <!-- TestFunctions.SettingsFunctions_SupportType -->
