<?xml version="1.0" encoding="UTF-8"?>
<!-- Generated by org.testng.reporters.JUnitReportReporter -->
<testsuite skipped="0" hostname="DESKTOP-G674484" name="TestFunctions.SettingsFunctions_Role" tests="4" failures="0" timestamp="2021-01-19T11:02:02 IST" time="21.975" errors="0">
  <testcase name="addRole" time="7.861" classname="TestFunctions.SettingsFunctions_Role"/>
  <system-out/>
  <testcase name="updateStatus" time="4.415" classname="TestFunctions.SettingsFunctions_Role"/>
  <system-out/>
  <testcase name="editCourse" time="5.302" classname="TestFunctions.SettingsFunctions_Role"/>
  <system-out/>
  <testcase name="deleteCourse" time="4.397" classname="TestFunctions.SettingsFunctions_Role"/>
  <system-out/>
</testsuite> <!-- TestFunctions.SettingsFunctions_Role -->
