<?xml version="1.0" encoding="UTF-8"?>
<!-- Generated by org.testng.reporters.JUnitReportReporter -->
<testsuite skipped="0" hostname="DESKTOP-G674484" name="TestFunctions.SettingsFunctions_Add_Institution" tests="1" failures="0" timestamp="2021-02-03T13:31:22 IST" time="1.385" errors="0">
  <testcase name="addInstitution" time="1.385" classname="TestFunctions.SettingsFunctions_Add_Institution"/>
  <system-out/>
</testsuite> <!-- TestFunctions.SettingsFunctions_Add_Institution -->
