<?xml version="1.0" encoding="UTF-8"?>
<!-- Generated by org.testng.reporters.JUnitReportReporter -->
<testsuite skipped="0" hostname="DESKTOP-G674484" name="TestFunctions.Login_Student" tests="1" failures="0" timestamp="2021-01-21T15:12:21 IST" time="0.379" errors="0">
  <testcase name="verifyLogin" time="0.379" classname="TestFunctions.Login_Student"/>
  <system-out/>
</testsuite> <!-- TestFunctions.Login_Student -->
