<?xml version="1.0" encoding="UTF-8"?>
<!-- Generated by org.testng.reporters.JUnitReportReporter -->
<testsuite skipped="0" hostname="DESKTOP-G674484" name="TestFunctions.SettingsFunctions_Delete_Organisation" tests="1" failures="0" timestamp="2021-01-20T13:17:06 IST" time="4.925" errors="0">
  <testcase name="deleteOrganisation" time="4.925" classname="TestFunctions.SettingsFunctions_Delete_Organisation"/>
  <system-out/>
</testsuite> <!-- TestFunctions.SettingsFunctions_Delete_Organisation -->
