<?xml version="1.0" encoding="UTF-8"?>
<!-- Generated by org.testng.reporters.JUnitReportReporter -->
<testsuite skipped="0" hostname="DESKTOP-G674484" name="TestFunctions.LoginFunctions" tests="2" failures="0" timestamp="2021-01-19T11:02:02 IST" time="2.005" errors="0">
  <testcase name="verifyNegativeLogin" time="1.284" classname="TestFunctions.LoginFunctions"/>
  <system-out/>
  <testcase name="verifyLogin" time="0.721" classname="TestFunctions.LoginFunctions"/>
  <system-out/>
</testsuite> <!-- TestFunctions.LoginFunctions -->
