<?xml version="1.0" encoding="UTF-8"?>
<!-- Generated by org.testng.reporters.JUnitReportReporter -->
<testsuite skipped="0" hostname="DESKTOP-G674484" name="TestFunctions.Login_NegativeVerifications" tests="1" failures="0" timestamp="2021-01-29T14:21:39 IST" time="1.280" errors="0">
  <testcase name="verifyNegativeLogin" time="1.280" classname="TestFunctions.Login_NegativeVerifications"/>
  <system-out/>
</testsuite> <!-- TestFunctions.Login_NegativeVerifications -->
