<?xml version="1.0" encoding="UTF-8"?>
<!-- Generated by org.testng.reporters.JUnitReportReporter -->
<testsuite skipped="0" hostname="DESKTOP-G674484" name="TestFunctions.Staff_CreateStaff" tests="1" failures="0" timestamp="2021-01-25T18:06:58 IST" time="4.964" errors="0">
  <testcase name="createStaffProfile" time="4.964" classname="TestFunctions.Staff_CreateStaff"/>
  <system-out/>
</testsuite> <!-- TestFunctions.Staff_CreateStaff -->
