<?xml version="1.0" encoding="UTF-8"?>
<!-- Generated by org.testng.reporters.JUnitReportReporter -->
<testsuite skipped="0" hostname="DESKTOP-G674484" name="TestFunctions.SettingsFunctions_Organisation" tests="4" failures="0" timestamp="2021-01-18T16:47:32 IST" time="21.823" errors="0">
  <testcase name="addOrganisation" time="7.631" classname="TestFunctions.SettingsFunctions_Organisation"/>
  <system-out/>
  <testcase name="updateStatus" time="4.401" classname="TestFunctions.SettingsFunctions_Organisation"/>
  <system-out/>
  <testcase name="editOrganisation" time="5.327" classname="TestFunctions.SettingsFunctions_Organisation"/>
  <system-out/>
  <testcase name="deleteOrganisation" time="4.464" classname="TestFunctions.SettingsFunctions_Organisation"/>
  <system-out/>
</testsuite> <!-- TestFunctions.SettingsFunctions_Organisation -->
