<?xml version="1.0" encoding="UTF-8"?>
<!-- Generated by org.testng.reporters.JUnitReportReporter -->
<testsuite skipped="0" hostname="DESKTOP-G674484" name="TestFunctions.LoginFunctions" tests="2" failures="0" timestamp="2021-01-18T16:47:32 IST" time="2.010" errors="0">
  <testcase name="verifyNegativeLogin" time="1.264" classname="TestFunctions.LoginFunctions"/>
  <system-out/>
  <testcase name="verifyLogin" time="0.746" classname="TestFunctions.LoginFunctions"/>
  <system-out/>
</testsuite> <!-- TestFunctions.LoginFunctions -->
