<?xml version="1.0" encoding="UTF-8"?>
<!-- Generated by org.testng.reporters.JUnitReportReporter -->
<testsuite skipped="0" hostname="DESKTOP-G674484" name="TestFunctions.SettingsFunctions_SupportType" tests="4" failures="0" timestamp="2021-01-19T11:02:02 IST" time="21.841" errors="0">
  <testcase name="addSupportType" time="7.529" classname="TestFunctions.SettingsFunctions_SupportType"/>
  <system-out/>
  <testcase name="updateStatus" time="4.405" classname="TestFunctions.SettingsFunctions_SupportType"/>
  <system-out/>
  <testcase name="editSupportType" time="5.438" classname="TestFunctions.SettingsFunctions_SupportType"/>
  <system-out/>
  <testcase name="deleteSupportType" time="4.469" classname="TestFunctions.SettingsFunctions_SupportType"/>
  <system-out/>
</testsuite> <!-- TestFunctions.SettingsFunctions_SupportType -->
