<?xml version="1.0" encoding="UTF-8"?>
<!-- Generated by org.testng.reporters.JUnitReportReporter -->
<testsuite skipped="1" hostname="DESKTOP-G674484" name="TestFunctions.Login_Staff_FirstTime" tests="1" failures="0" timestamp="2021-01-29T14:05:36 IST" time="0.000" errors="0">
  <testcase name="firstTimeLogin" time="0.000" classname="TestFunctions.Login_Staff_FirstTime">
    <skipped/>
  </testcase> <!-- firstTimeLogin -->
  <system-out/>
</testsuite> <!-- TestFunctions.Login_Staff_FirstTime -->
