<?xml version="1.0" encoding="UTF-8"?>
<!-- Generated by org.testng.reporters.JUnitReportReporter -->
<testsuite skipped="0" hostname="DESKTOP-G674484" name="TestFunctions.Login_Staff" tests="1" failures="0" timestamp="2021-01-25T17:22:16 IST" time="5.065" errors="0">
  <testcase name="verifyLogin" time="5.065" classname="TestFunctions.Login_Staff"/>
  <system-out/>
</testsuite> <!-- TestFunctions.Login_Staff -->
