<?xml version="1.0" encoding="UTF-8"?>
<!-- Generated by org.testng.reporters.JUnitReportReporter -->
<testsuite skipped="0" hostname="DESKTOP-G674484" name="TestFunctions.AdminProfileFunctions" tests="2" failures="0" timestamp="2021-02-03T13:31:22 IST" time="4.556" errors="0">
  <testcase name="verifyProfileDetails" time="0.637" classname="TestFunctions.AdminProfileFunctions"/>
  <system-out/>
  <testcase name="editProfile" time="3.919" classname="TestFunctions.AdminProfileFunctions"/>
  <system-out/>
</testsuite> <!-- TestFunctions.AdminProfileFunctions -->
