<?xml version="1.0" encoding="UTF-8"?>
<!-- Generated by org.testng.reporters.JUnitReportReporter -->
<testsuite skipped="0" hostname="DESKTOP-G674484" name="TestFunctions.Logout" tests="1" failures="0" timestamp="2021-01-25T18:06:58 IST" time="3.728" errors="0">
  <testcase name="Logout" time="3.728" classname="TestFunctions.Logout"/>
  <system-out/>
</testsuite> <!-- TestFunctions.Logout -->
