<?xml version="1.0" encoding="UTF-8"?>
<!-- Generated by org.testng.reporters.JUnitReportReporter -->
<testsuite skipped="0" hostname="DESKTOP-G674484" name="TestFunctions.SettingsFunctions_Add_Role" tests="1" failures="0" timestamp="2021-01-20T15:09:19 IST" time="1.353" errors="0">
  <testcase name="addRole" time="1.353" classname="TestFunctions.SettingsFunctions_Add_Role"/>
  <system-out/>
</testsuite> <!-- TestFunctions.SettingsFunctions_Add_Role -->
