<?xml version="1.0" encoding="UTF-8"?>
<!-- Generated by org.testng.reporters.JUnitReportReporter -->
<testsuite skipped="0" hostname="DESKTOP-G674484" name="TestFunctions.Login_Admin" tests="1" failures="0" timestamp="2021-01-21T15:01:34 IST" time="6.069" errors="0">
  <testcase name="verifyLogin" time="6.069" classname="TestFunctions.Login_Admin"/>
  <system-out/>
</testsuite> <!-- TestFunctions.Login_Admin -->
