<?xml version="1.0" encoding="UTF-8"?>
<!-- Generated by org.testng.reporters.JUnitReportReporter -->
<testsuite skipped="0" hostname="DESKTOP-G674484" name="TestFunctions.SettingsFunctions_Institution" tests="4" failures="0" timestamp="2021-01-18T16:47:32 IST" time="21.796" errors="0">
  <testcase name="addInstitution" time="7.624" classname="TestFunctions.SettingsFunctions_Institution"/>
  <system-out/>
  <testcase name="updateStatus" time="4.409" classname="TestFunctions.SettingsFunctions_Institution"/>
  <system-out/>
  <testcase name="editCourse" time="5.335" classname="TestFunctions.SettingsFunctions_Institution"/>
  <system-out/>
  <testcase name="deleteCourse" time="4.428" classname="TestFunctions.SettingsFunctions_Institution"/>
  <system-out/>
</testsuite> <!-- TestFunctions.SettingsFunctions_Institution -->
