<?xml version="1.0" encoding="UTF-8"?>
<!-- Generated by org.testng.reporters.JUnitReportReporter -->
<testsuite skipped="0" hostname="DESKTOP-9N55AFQ" name="TestFunctions.Staff_FinanceModule" tests="1" failures="0" timestamp="2021-05-03T18:17:59 IST" time="1.953" errors="0">
  <testcase name="verifyFinacePageDetails" time="1.953" classname="TestFunctions.Staff_FinanceModule"/>
  <system-out/>
</testsuite> <!-- TestFunctions.Staff_FinanceModule -->
