<?xml version="1.0" encoding="UTF-8"?>
<!-- Generated by org.testng.reporters.JUnitReportReporter -->
<testsuite skipped="0" hostname="DESKTOP-9N55AFQ" name="TestFunctions.Login_Staff" tests="1" failures="0" timestamp="2021-05-04T11:44:09 IST" time="23.950" errors="0">
  <testcase name="verifyLogin" time="23.950" classname="TestFunctions.Login_Staff"/>
  <system-out/>
</testsuite> <!-- TestFunctions.Login_Staff -->
