<?xml version="1.0" encoding="UTF-8"?>
<!-- Generated by org.testng.reporters.JUnitReportReporter -->
<testsuite skipped="0" hostname="DESKTOP-9N55AFQ" name="TestFunctions.ChangeDate_PostMethodNormal" tests="2" failures="0" timestamp="2021-05-19T17:06:55 IST" time="2.903" errors="0">
  <testcase name="login_method" time="2.761" classname="TestFunctions.ChangeDate_PostMethodNormal"/>
  <system-out/>
  <testcase name="changedate_method" time="0.142" classname="TestFunctions.ChangeDate_PostMethodNormal"/>
  <system-out/>
</testsuite> <!-- TestFunctions.ChangeDate_PostMethodNormal -->
