<?xml version="1.0" encoding="UTF-8"?>
<!-- Generated by org.testng.reporters.JUnitReportReporter -->
<testsuite skipped="0" hostname="DESKTOP-9N55AFQ" name="TestFunctions.SettingsFunctions_Manage_Institution" tests="4" failures="0" timestamp="2021-04-21T10:46:27 IST" time="26.284" errors="0">
  <testcase name="addInstitution" time="9.185" classname="TestFunctions.SettingsFunctions_Manage_Institution"/>
  <system-out/>
  <testcase name="updateStatus" time="5.324" classname="TestFunctions.SettingsFunctions_Manage_Institution"/>
  <system-out/>
  <testcase name="editInstitution" time="6.503" classname="TestFunctions.SettingsFunctions_Manage_Institution"/>
  <system-out/>
  <testcase name="deleteInstitution" time="5.272" classname="TestFunctions.SettingsFunctions_Manage_Institution"/>
  <system-out/>
</testsuite> <!-- TestFunctions.SettingsFunctions_Manage_Institution -->
