<?xml version="1.0" encoding="UTF-8"?>
<!-- Generated by org.testng.reporters.JUnitReportReporter -->
<testsuite skipped="0" hostname="DESKTOP-9N55AFQ" name="TestFunctions.Staff_AcceptEvent" tests="2" failures="0" timestamp="2021-05-03T14:33:31 IST" time="2.368" errors="0">
  <testcase name="staffVerifyEventInCalendar" time="1.136" classname="TestFunctions.Staff_AcceptEvent"/>
  <system-out/>
  <testcase name="acceptEventJoblist" time="1.232" classname="TestFunctions.Staff_AcceptEvent"/>
  <system-out/>
</testsuite> <!-- TestFunctions.Staff_AcceptEvent -->
