<?xml version="1.0" encoding="UTF-8"?>
<!-- Generated by org.testng.reporters.JUnitReportReporter -->
<testsuite skipped="0" hostname="DESKTOP-9N55AFQ" name="TestFunctions.Staff_AcceptEvent" tests="2" failures="0" timestamp="2021-04-22T14:11:27 IST" time="4.498" errors="0">
  <testcase name="staffVerifyEventInCalendar" time="2.210" classname="TestFunctions.Staff_AcceptEvent"/>
  <system-out/>
  <testcase name="acceptEventJoblist" time="2.288" classname="TestFunctions.Staff_AcceptEvent"/>
  <system-out/>
</testsuite> <!-- TestFunctions.Staff_AcceptEvent -->
