<?xml version="1.0" encoding="UTF-8"?>
<!-- Generated by org.testng.reporters.JUnitReportReporter -->
<testsuite skipped="0" hostname="DESKTOP-9N55AFQ" name="TestFunctions.SettingsFunctions_Add_SupportType" tests="1" failures="0" timestamp="2021-04-21T10:31:45 IST" time="4.472" errors="0">
  <testcase name="addSupportType" time="4.472" classname="TestFunctions.SettingsFunctions_Add_SupportType"/>
  <system-out/>
</testsuite> <!-- TestFunctions.SettingsFunctions_Add_SupportType -->
