<?xml version="1.0" encoding="UTF-8"?>
<!-- Generated by org.testng.reporters.JUnitReportReporter -->
<testsuite skipped="0" hostname="DESKTOP-9N55AFQ" name="TestFunctions.Login" tests="1" failures="0" timestamp="2021-04-15T18:36:46 IST" time="1.693" errors="0">
  <testcase name="verifyLogin" time="1.693" classname="TestFunctions.Login"/>
  <system-out/>
</testsuite> <!-- TestFunctions.Login -->
