<?xml version="1.0" encoding="UTF-8"?>
<!-- Generated by org.testng.reporters.JUnitReportReporter -->
<testsuite skipped="0" hostname="DESKTOP-9N55AFQ" name="TestFunctions.ChangeDate_PostMethod" tests="2" failures="0" timestamp="2021-05-03T14:33:31 IST" time="1.851" errors="0">
  <testcase name="login_method" time="1.721" classname="TestFunctions.ChangeDate_PostMethod"/>
  <system-out/>
  <testcase name="changedate_method" time="0.130" classname="TestFunctions.ChangeDate_PostMethod"/>
  <system-out/>
</testsuite> <!-- TestFunctions.ChangeDate_PostMethod -->
