<?xml version="1.0" encoding="UTF-8"?>
<!-- Generated by org.testng.reporters.JUnitReportReporter -->
<testsuite skipped="0" hostname="DESKTOP-9N55AFQ" name="TestFunctions.SettingsFunctions_Manage_FundingBody" tests="4" failures="0" timestamp="2021-05-19T16:56:32 IST" time="26.976" errors="0">
  <testcase name="addFundingBody" time="8.581" classname="TestFunctions.SettingsFunctions_Manage_FundingBody"/>
  <system-out/>
  <testcase name="updateStatus" time="5.793" classname="TestFunctions.SettingsFunctions_Manage_FundingBody"/>
  <system-out/>
  <testcase name="editFundingBody" time="6.822" classname="TestFunctions.SettingsFunctions_Manage_FundingBody"/>
  <system-out/>
  <testcase name="deleteFundingBody" time="5.780" classname="TestFunctions.SettingsFunctions_Manage_FundingBody"/>
  <system-out/>
</testsuite> <!-- TestFunctions.SettingsFunctions_Manage_FundingBody -->
