<?xml version="1.0" encoding="UTF-8"?>
<!-- Generated by org.testng.reporters.JUnitReportReporter -->
<testsuite skipped="0" hostname="DESKTOP-9N55AFQ" name="TestFunctions.Staff_ReportEventMissed" tests="1" failures="0" timestamp="2021-05-11T17:14:50 IST" time="3.094" errors="0">
  <testcase name="reportMissedSession" time="3.094" classname="TestFunctions.Staff_ReportEventMissed"/>
  <system-out/>
</testsuite> <!-- TestFunctions.Staff_ReportEventMissed -->
