<?xml version="1.0" encoding="UTF-8"?>
<!-- Generated by org.testng.reporters.JUnitReportReporter -->
<testsuite skipped="0" hostname="DESKTOP-9N55AFQ" name="TestFunctions.Logout" tests="4" failures="0" timestamp="2021-05-19T17:06:55 IST" time="15.779" errors="0">
  <testcase name="Logout" time="3.895" classname="TestFunctions.Logout"/>
  <system-out/>
  <testcase name="Logout" time="3.938" classname="TestFunctions.Logout"/>
  <system-out/>
  <testcase name="Logout" time="3.920" classname="TestFunctions.Logout"/>
  <system-out/>
  <testcase name="Logout" time="4.026" classname="TestFunctions.Logout"/>
  <system-out/>
</testsuite> <!-- TestFunctions.Logout -->
