<?xml version="1.0" encoding="UTF-8"?>
<!-- Generated by org.testng.reporters.JUnitReportReporter -->
<testsuite skipped="0" hostname="DESKTOP-9N55AFQ" name="TestFunctions.Staff_FinanceModule" tests="1" failures="0" timestamp="2021-05-04T17:45:18 IST" time="2.004" errors="0">
  <testcase name="verifyFinacePageDetails" time="2.004" classname="TestFunctions.Staff_FinanceModule"/>
  <system-out/>
</testsuite> <!-- TestFunctions.Staff_FinanceModule -->
