<?xml version="1.0" encoding="UTF-8"?>
<!-- Generated by org.testng.reporters.JUnitReportReporter -->
<testsuite skipped="0" hostname="DESKTOP-9N55AFQ" name="TestFunctions.ChangeDate_PostMethod" tests="2" failures="0" timestamp="2021-04-22T14:11:27 IST" time="3.529" errors="0">
  <testcase name="login_method" time="2.998" classname="TestFunctions.ChangeDate_PostMethod"/>
  <system-out/>
  <testcase name="changedate_method" time="0.531" classname="TestFunctions.ChangeDate_PostMethod"/>
  <system-out/>
</testsuite> <!-- TestFunctions.ChangeDate_PostMethod -->
