<?xml version="1.0" encoding="UTF-8"?>
<!-- Generated by org.testng.reporters.JUnitReportReporter -->
<testsuite skipped="0" hostname="DESKTOP-9N55AFQ" name="TestFunctions.SettingsFunctions_Manage_Role" tests="4" failures="0" timestamp="2021-05-19T16:56:33 IST" time="26.305" errors="0">
  <testcase name="addRole" time="8.428" classname="TestFunctions.SettingsFunctions_Manage_Role"/>
  <system-out/>
  <testcase name="updateStatus" time="5.649" classname="TestFunctions.SettingsFunctions_Manage_Role"/>
  <system-out/>
  <testcase name="editRole" time="6.514" classname="TestFunctions.SettingsFunctions_Manage_Role"/>
  <system-out/>
  <testcase name="deleteRole" time="5.714" classname="TestFunctions.SettingsFunctions_Manage_Role"/>
  <system-out/>
</testsuite> <!-- TestFunctions.SettingsFunctions_Manage_Role -->
