<?xml version="1.0" encoding="UTF-8"?>
<!-- Generated by org.testng.reporters.JUnitReportReporter -->
<testsuite skipped="0" hostname="DESKTOP-9N55AFQ" name="TestFunctions.SettingsFunctions_Manage_FundingBody" tests="4" failures="0" timestamp="2021-04-21T10:31:45 IST" time="35.083" errors="0">
  <testcase name="addFundingBody" time="10.957" classname="TestFunctions.SettingsFunctions_Manage_FundingBody"/>
  <system-out/>
  <testcase name="updateStatus" time="8.409" classname="TestFunctions.SettingsFunctions_Manage_FundingBody"/>
  <system-out/>
  <testcase name="editFundingBody" time="9.298" classname="TestFunctions.SettingsFunctions_Manage_FundingBody"/>
  <system-out/>
  <testcase name="deleteFundingBody" time="6.419" classname="TestFunctions.SettingsFunctions_Manage_FundingBody"/>
  <system-out/>
</testsuite> <!-- TestFunctions.SettingsFunctions_Manage_FundingBody -->
