<?xml version="1.0" encoding="UTF-8"?>
<!-- Generated by org.testng.reporters.JUnitReportReporter -->
<testsuite skipped="0" hostname="DESKTOP-9N55AFQ" name="TestFunctions.SettingsFunctions_Manage_Role" tests="4" failures="0" timestamp="2021-04-28T18:15:54 IST" time="26.223" errors="0">
  <testcase name="addRole" time="8.911" classname="TestFunctions.SettingsFunctions_Manage_Role"/>
  <system-out/>
  <testcase name="updateStatus" time="5.495" classname="TestFunctions.SettingsFunctions_Manage_Role"/>
  <system-out/>
  <testcase name="editRole" time="6.263" classname="TestFunctions.SettingsFunctions_Manage_Role"/>
  <system-out/>
  <testcase name="deleteRole" time="5.554" classname="TestFunctions.SettingsFunctions_Manage_Role"/>
  <system-out/>
</testsuite> <!-- TestFunctions.SettingsFunctions_Manage_Role -->
