<?xml version="1.0" encoding="UTF-8"?>
<!-- Generated by org.testng.reporters.JUnitReportReporter -->
<testsuite skipped="0" hostname="DESKTOP-9N55AFQ" name="TestFunctions.Login" tests="1" failures="0" timestamp="2021-04-15T17:57:49 IST" time="2.103" errors="0">
  <testcase name="verifyLogin" time="2.103" classname="TestFunctions.Login"/>
  <system-out/>
</testsuite> <!-- TestFunctions.Login -->
