<?xml version="1.0" encoding="UTF-8"?>
<!-- Generated by org.testng.reporters.JUnitReportReporter -->
<testsuite skipped="0" hostname="DESKTOP-9N55AFQ" name="TestFunctions.SettingsFunctions_Manage_FundingBody" tests="4" failures="0" timestamp="2021-04-21T10:46:27 IST" time="27.388" errors="0">
  <testcase name="addFundingBody" time="8.960" classname="TestFunctions.SettingsFunctions_Manage_FundingBody"/>
  <system-out/>
  <testcase name="updateStatus" time="5.707" classname="TestFunctions.SettingsFunctions_Manage_FundingBody"/>
  <system-out/>
  <testcase name="editFundingBody" time="6.888" classname="TestFunctions.SettingsFunctions_Manage_FundingBody"/>
  <system-out/>
  <testcase name="deleteFundingBody" time="5.833" classname="TestFunctions.SettingsFunctions_Manage_FundingBody"/>
  <system-out/>
</testsuite> <!-- TestFunctions.SettingsFunctions_Manage_FundingBody -->
