<?xml version="1.0" encoding="UTF-8"?>
<!-- Generated by org.testng.reporters.JUnitReportReporter -->
<testsuite skipped="0" hostname="DESKTOP-9N55AFQ" name="TestFunctions.SettingsFunctions_Add_DocumentFile" tests="1" failures="0" timestamp="2021-05-19T16:56:32 IST" time="4.414" errors="0">
  <testcase name="addDocumentCategory" time="4.414" classname="TestFunctions.SettingsFunctions_Add_DocumentFile"/>
  <system-out/>
</testsuite> <!-- TestFunctions.SettingsFunctions_Add_DocumentFile -->
