<?xml version="1.0" encoding="UTF-8"?>
<!-- Generated by org.testng.reporters.JUnitReportReporter -->
<testsuite skipped="0" hostname="DESKTOP-9N55AFQ" name="TestFunctions.AdminProfileFunctions" tests="2" failures="0" timestamp="2021-04-21T09:44:36 IST" time="7.620" errors="0">
  <testcase name="verifyProfileDetails" time="1.145" classname="TestFunctions.AdminProfileFunctions"/>
  <system-out/>
  <testcase name="editProfile" time="6.475" classname="TestFunctions.AdminProfileFunctions"/>
  <system-out/>
</testsuite> <!-- TestFunctions.AdminProfileFunctions -->
