<?xml version="1.0" encoding="UTF-8"?>
<!-- Generated by org.testng.reporters.JUnitReportReporter -->
<testsuite skipped="0" hostname="DESKTOP-9N55AFQ" name="TestFunctions.Login_Staff" tests="2" failures="0" timestamp="2021-05-19T17:06:55 IST" time="27.610" errors="0">
  <testcase name="verifyLogin" time="23.796" classname="TestFunctions.Login_Staff"/>
  <system-out/>
  <testcase name="verifyLogin" time="3.814" classname="TestFunctions.Login_Staff"/>
  <system-out/>
</testsuite> <!-- TestFunctions.Login_Staff -->
