<?xml version="1.0" encoding="UTF-8"?>
<!-- Generated by org.testng.reporters.JUnitReportReporter -->
<testsuite skipped="0" hostname="DESKTOP-9N55AFQ" name="TestFunctions.SettingsFunctions_Add_Role" tests="1" failures="0" timestamp="2021-05-19T16:56:32 IST" time="1.933" errors="0">
  <testcase name="addRole" time="1.933" classname="TestFunctions.SettingsFunctions_Add_Role"/>
  <system-out/>
</testsuite> <!-- TestFunctions.SettingsFunctions_Add_Role -->
