<?xml version="1.0" encoding="UTF-8"?>
<!-- Generated by org.testng.reporters.JUnitReportReporter -->
<testsuite skipped="0" hostname="DESKTOP-9N55AFQ" name="TestFunctions.SettingsFunctions_Edit_DocumentVersion" tests="1" failures="0" timestamp="2021-04-30T13:27:07 IST" time="4.158" errors="0">
  <testcase name="addDocumentCategory" time="4.158" classname="TestFunctions.SettingsFunctions_Edit_DocumentVersion"/>
  <system-out/>
</testsuite> <!-- TestFunctions.SettingsFunctions_Edit_DocumentVersion -->
