<?xml version="1.0" encoding="UTF-8"?>
<!-- Generated by org.testng.reporters.JUnitReportReporter -->
<testsuite skipped="0" hostname="DESKTOP-9N55AFQ" name="TestFunctions.Student_CreateStudent" tests="1" failures="0" timestamp="2021-04-28T18:21:10 IST" time="26.555" errors="0">
  <testcase name="createStudentProfile" time="26.555" classname="TestFunctions.Student_CreateStudent"/>
  <system-out/>
</testsuite> <!-- TestFunctions.Student_CreateStudent -->
