<?xml version="1.0" encoding="UTF-8"?>
<!-- Generated by org.testng.reporters.JUnitReportReporter -->
<testsuite skipped="0" hostname="DESKTOP-9N55AFQ" name="TestFunctions.SettingsFunctions_Manage_SupportType" tests="3" failures="0" timestamp="2021-04-20T15:29:43 IST" time="20.694" errors="0">
  <testcase name="addSupportType" time="8.350" classname="TestFunctions.SettingsFunctions_Manage_SupportType"/>
  <system-out/>
  <testcase name="updateStatus" time="5.903" classname="TestFunctions.SettingsFunctions_Manage_SupportType"/>
  <system-out/>
  <testcase name="editSupportType" time="6.441" classname="TestFunctions.SettingsFunctions_Manage_SupportType"/>
  <system-out/>
</testsuite> <!-- TestFunctions.SettingsFunctions_Manage_SupportType -->
