<?xml version="1.0" encoding="UTF-8"?>
<!-- Generated by org.testng.reporters.JUnitReportReporter -->
<testsuite skipped="0" hostname="DESKTOP-9N55AFQ" name="TestFunctions.SettingsFunctions_Add_FundingBody" tests="1" failures="0" timestamp="2021-04-28T18:15:54 IST" time="2.053" errors="0">
  <testcase name="addFundingBody" time="2.053" classname="TestFunctions.SettingsFunctions_Add_FundingBody"/>
  <system-out/>
</testsuite> <!-- TestFunctions.SettingsFunctions_Add_FundingBody -->
