<?xml version="1.0" encoding="UTF-8"?>
<!-- Generated by org.testng.reporters.JUnitReportReporter -->
<testsuite skipped="0" hostname="DESKTOP-9N55AFQ" name="TestFunctions.Login_Student" tests="1" failures="0" timestamp="2021-03-30T18:10:28 IST" time="0.913" errors="0">
  <testcase name="verifyLogin" time="0.913" classname="TestFunctions.Login_Student"/>
  <system-out/>
</testsuite> <!-- TestFunctions.Login_Student -->
