<?xml version="1.0" encoding="UTF-8"?>
<!-- Generated by org.testng.reporters.JUnitReportReporter -->
<testsuite skipped="0" hostname="DESKTOP-9N55AFQ" name="TestFunctions.SettingsFunctions_Manage_FundingBody" tests="4" failures="0" timestamp="2021-04-28T18:15:54 IST" time="26.086" errors="0">
  <testcase name="addFundingBody" time="7.959" classname="TestFunctions.SettingsFunctions_Manage_FundingBody"/>
  <system-out/>
  <testcase name="updateStatus" time="5.427" classname="TestFunctions.SettingsFunctions_Manage_FundingBody"/>
  <system-out/>
  <testcase name="editFundingBody" time="6.962" classname="TestFunctions.SettingsFunctions_Manage_FundingBody"/>
  <system-out/>
  <testcase name="deleteFundingBody" time="5.738" classname="TestFunctions.SettingsFunctions_Manage_FundingBody"/>
  <system-out/>
</testsuite> <!-- TestFunctions.SettingsFunctions_Manage_FundingBody -->
