<?xml version="1.0" encoding="UTF-8"?>
<!-- Generated by org.testng.reporters.JUnitReportReporter -->
<testsuite skipped="0" hostname="DESKTOP-9N55AFQ" name="TestFunctions.Staff_AcceptEvent" tests="2" failures="0" timestamp="2021-05-19T17:06:55 IST" time="4.124" errors="0">
  <testcase name="staffVerifyEventInCalendar" time="2.694" classname="TestFunctions.Staff_AcceptEvent"/>
  <system-out/>
  <testcase name="acceptEventJoblist" time="1.430" classname="TestFunctions.Staff_AcceptEvent"/>
  <system-out/>
</testsuite> <!-- TestFunctions.Staff_AcceptEvent -->
