<?xml version="1.0" encoding="UTF-8"?>
<!-- Generated by org.testng.reporters.JUnitReportReporter -->
<testsuite skipped="0" hostname="DESKTOP-9N55AFQ" name="TestFunctions.Staff_CreateStaff" tests="1" failures="0" timestamp="2021-05-19T17:00:22 IST" time="11.328" errors="0">
  <testcase name="createStaffProfile" time="11.328" classname="TestFunctions.Staff_CreateStaff"/>
  <system-out/>
</testsuite> <!-- TestFunctions.Staff_CreateStaff -->
