<?xml version="1.0" encoding="UTF-8"?>
<!-- Generated by org.testng.reporters.JUnitReportReporter -->
<testsuite skipped="0" hostname="DESKTOP-9N55AFQ" name="TestFunctions.SettingsFunctions_Add_SupportType" tests="2" failures="0" timestamp="2021-05-19T16:56:33 IST" time="3.302" errors="0">
  <testcase name="addSupportType" time="1.609" classname="TestFunctions.SettingsFunctions_Add_SupportType"/>
  <system-out/>
  <testcase name="addSupportType" time="1.693" classname="TestFunctions.SettingsFunctions_Add_SupportType"/>
  <system-out/>
</testsuite> <!-- TestFunctions.SettingsFunctions_Add_SupportType -->
