<?xml version="1.0" encoding="UTF-8"?>
<!-- Generated by org.testng.reporters.JUnitReportReporter -->
<testsuite skipped="0" hostname="DESKTOP-9N55AFQ" name="TestFunctions.Login_Student_FirstTime" tests="1" failures="0" timestamp="2021-04-21T18:39:02 IST" time="15.315" errors="0">
  <testcase name="firstTimeLogin" time="15.315" classname="TestFunctions.Login_Student_FirstTime"/>
  <system-out/>
</testsuite> <!-- TestFunctions.Login_Student_FirstTime -->
