<?xml version="1.0" encoding="UTF-8"?>
<!-- Generated by org.testng.reporters.JUnitReportReporter -->
<testsuite skipped="0" hostname="DESKTOP-9N55AFQ" name="TestFunctions.Staff_StudentsOnSupport" tests="1" failures="0" timestamp="2021-05-11T17:08:01 IST" time="1.840" errors="0">
  <testcase name="StudentsOnSupport" time="1.840" classname="TestFunctions.Staff_StudentsOnSupport"/>
  <system-out/>
</testsuite> <!-- TestFunctions.Staff_StudentsOnSupport -->
