<?xml version="1.0" encoding="UTF-8"?>
<!-- Generated by org.testng.reporters.JUnitReportReporter -->
<testsuite skipped="0" hostname="DESKTOP-9N55AFQ" name="TestFunctions.AdminProfileFunctions" tests="2" failures="0" timestamp="2021-04-28T18:15:54 IST" time="6.881" errors="0">
  <testcase name="verifyProfileDetails" time="0.872" classname="TestFunctions.AdminProfileFunctions"/>
  <system-out/>
  <testcase name="editProfile" time="6.009" classname="TestFunctions.AdminProfileFunctions"/>
  <system-out/>
</testsuite> <!-- TestFunctions.AdminProfileFunctions -->
