<?xml version="1.0" encoding="UTF-8"?>
<!-- Generated by org.testng.reporters.JUnitReportReporter -->
<testsuite skipped="0" hostname="DESKTOP-9N55AFQ" name="TestFunctions.Admin_TimesheetModule" tests="2" failures="0" timestamp="2021-05-04T12:06:13 IST" time="7.786" errors="0">
  <testcase name="verifyAdminTimesheet_StudentDetails" time="3.265" classname="TestFunctions.Admin_TimesheetModule"/>
  <system-out/>
  <testcase name="verifyAdminTimesheet_StaffDetails" time="4.521" classname="TestFunctions.Admin_TimesheetModule"/>
  <system-out/>
</testsuite> <!-- TestFunctions.Admin_TimesheetModule -->
