<?xml version="1.0" encoding="UTF-8"?>
<!-- Generated by org.testng.reporters.JUnitReportReporter -->
<testsuite skipped="0" hostname="DESKTOP-9N55AFQ" name="TestFunctions.Logout" tests="1" failures="0" timestamp="2021-05-03T18:17:59 IST" time="4.149" errors="0">
  <testcase name="Logout" time="4.149" classname="TestFunctions.Logout"/>
  <system-out/>
</testsuite> <!-- TestFunctions.Logout -->
