<?xml version="1.0" encoding="UTF-8"?>
<!-- Generated by org.testng.reporters.JUnitReportReporter -->
<testsuite skipped="0" hostname="DESKTOP-9N55AFQ" name="TestFunctions.SettingsFunctions_Add_FileBundle" tests="1" failures="0" timestamp="2021-04-20T14:16:43 IST" time="8.599" errors="0">
  <testcase name="addFileBundle" time="8.599" classname="TestFunctions.SettingsFunctions_Add_FileBundle"/>
  <system-out/>
</testsuite> <!-- TestFunctions.SettingsFunctions_Add_FileBundle -->
