<?xml version="1.0" encoding="UTF-8"?>
<!-- Generated by org.testng.reporters.JUnitReportReporter -->
<testsuite skipped="0" hostname="DESKTOP-9N55AFQ" name="TestFunctions.ChangeDate_PostMethodMissed" tests="2" failures="0" timestamp="2021-05-11T17:14:50 IST" time="4.902" errors="0">
  <testcase name="login_method" time="4.464" classname="TestFunctions.ChangeDate_PostMethodMissed"/>
  <system-out/>
  <testcase name="changedate_method" time="0.438" classname="TestFunctions.ChangeDate_PostMethodMissed"/>
  <system-out/>
</testsuite> <!-- TestFunctions.ChangeDate_PostMethodMissed -->
