<?xml version="1.0" encoding="UTF-8"?>
<!-- Generated by org.testng.reporters.JUnitReportReporter -->
<testsuite skipped="0" hostname="DESKTOP-9N55AFQ" name="TestFunctions.SettingsFunctions_Manage_Institution" tests="4" failures="0" timestamp="2021-04-28T18:15:54 IST" time="23.587" errors="0">
  <testcase name="addInstitution" time="7.798" classname="TestFunctions.SettingsFunctions_Manage_Institution"/>
  <system-out/>
  <testcase name="updateStatus" time="4.988" classname="TestFunctions.SettingsFunctions_Manage_Institution"/>
  <system-out/>
  <testcase name="editInstitution" time="5.725" classname="TestFunctions.SettingsFunctions_Manage_Institution"/>
  <system-out/>
  <testcase name="deleteInstitution" time="5.076" classname="TestFunctions.SettingsFunctions_Manage_Institution"/>
  <system-out/>
</testsuite> <!-- TestFunctions.SettingsFunctions_Manage_Institution -->
