<?xml version="1.0" encoding="UTF-8"?>
<!-- Generated by org.testng.reporters.JUnitReportReporter -->
<testsuite skipped="0" hostname="DESKTOP-9N55AFQ" name="TestFunctions.SettingsFunctions_Manage_Role" tests="4" failures="0" timestamp="2021-04-21T10:46:27 IST" time="27.173" errors="0">
  <testcase name="addRole" time="8.808" classname="TestFunctions.SettingsFunctions_Manage_Role"/>
  <system-out/>
  <testcase name="updateStatus" time="5.823" classname="TestFunctions.SettingsFunctions_Manage_Role"/>
  <system-out/>
  <testcase name="editRole" time="6.703" classname="TestFunctions.SettingsFunctions_Manage_Role"/>
  <system-out/>
  <testcase name="deleteRole" time="5.839" classname="TestFunctions.SettingsFunctions_Manage_Role"/>
  <system-out/>
</testsuite> <!-- TestFunctions.SettingsFunctions_Manage_Role -->
