<?xml version="1.0" encoding="UTF-8"?>
<!-- Generated by org.testng.reporters.JUnitReportReporter -->
<testsuite skipped="0" hostname="DESKTOP-9N55AFQ" name="TestFunctions.SettingsFunctions_Manage_Institution" tests="4" failures="0" timestamp="2021-05-19T16:56:33 IST" time="25.620" errors="0">
  <testcase name="addInstitution" time="8.796" classname="TestFunctions.SettingsFunctions_Manage_Institution"/>
  <system-out/>
  <testcase name="updateStatus" time="5.289" classname="TestFunctions.SettingsFunctions_Manage_Institution"/>
  <system-out/>
  <testcase name="editInstitution" time="6.212" classname="TestFunctions.SettingsFunctions_Manage_Institution"/>
  <system-out/>
  <testcase name="deleteInstitution" time="5.323" classname="TestFunctions.SettingsFunctions_Manage_Institution"/>
  <system-out/>
</testsuite> <!-- TestFunctions.SettingsFunctions_Manage_Institution -->
