<?xml version="1.0" encoding="UTF-8"?>
<!-- Generated by org.testng.reporters.JUnitReportReporter -->
<testsuite skipped="0" hostname="DESKTOP-9N55AFQ" name="TestFunctions.SettingsFunctions_Manage_Role" tests="4" failures="0" timestamp="2021-04-21T10:31:45 IST" time="31.801" errors="0">
  <testcase name="addRole" time="10.875" classname="TestFunctions.SettingsFunctions_Manage_Role"/>
  <system-out/>
  <testcase name="updateStatus" time="6.268" classname="TestFunctions.SettingsFunctions_Manage_Role"/>
  <system-out/>
  <testcase name="editRole" time="7.842" classname="TestFunctions.SettingsFunctions_Manage_Role"/>
  <system-out/>
  <testcase name="deleteRole" time="6.816" classname="TestFunctions.SettingsFunctions_Manage_Role"/>
  <system-out/>
</testsuite> <!-- TestFunctions.SettingsFunctions_Manage_Role -->
