<?xml version="1.0" encoding="UTF-8"?>
<!-- Generated by org.testng.reporters.JUnitReportReporter -->
<testsuite skipped="0" hostname="DESKTOP-9N55AFQ" name="TestFunctions.Student_CreateEvent" tests="1" failures="0" timestamp="2021-03-30T18:10:28 IST" time="1.725" errors="0">
  <testcase name="student_createevent" time="1.725" classname="TestFunctions.Student_CreateEvent"/>
  <system-out/>
</testsuite> <!-- TestFunctions.Student_CreateEvent -->
