<?xml version="1.0" encoding="UTF-8"?>
<!-- Generated by org.testng.reporters.JUnitReportReporter -->
<testsuite skipped="0" hostname="DESKTOP-9N55AFQ" name="TestFunctions.Login_Admin" tests="1" failures="0" timestamp="2021-05-19T17:03:07 IST" time="2.271" errors="0">
  <testcase name="verifyLogin" time="2.271" classname="TestFunctions.Login_Admin"/>
  <system-out/>
</testsuite> <!-- TestFunctions.Login_Admin -->
