<?xml version="1.0" encoding="UTF-8"?>
<!-- Generated by org.testng.reporters.JUnitReportReporter -->
<testsuite skipped="0" hostname="DESKTOP-9N55AFQ" name="TestFunctions.Login_Admin" tests="1" failures="0" timestamp="2021-05-04T12:06:13 IST" time="1.586" errors="0">
  <testcase name="verifyLogin" time="1.586" classname="TestFunctions.Login_Admin"/>
  <system-out/>
</testsuite> <!-- TestFunctions.Login_Admin -->
