<?xml version="1.0" encoding="UTF-8"?>
<!-- Generated by org.testng.reporters.JUnitReportReporter -->
<testsuite skipped="0" hostname="DESKTOP-9N55AFQ" name="TestFunctions.Login_Staff" tests="1" failures="0" timestamp="2021-04-22T14:11:27 IST" time="0.786" errors="0">
  <testcase name="verifyLogin" time="0.786" classname="TestFunctions.Login_Staff"/>
  <system-out/>
</testsuite> <!-- TestFunctions.Login_Staff -->
