<?xml version="1.0" encoding="UTF-8"?>
<!-- Generated by org.testng.reporters.JUnitReportReporter -->
<testsuite skipped="0" hostname="DESKTOP-9N55AFQ" name="TestFunctions.SettingsFunctions_Add_Institution" tests="1" failures="0" timestamp="2021-04-28T18:15:54 IST" time="1.666" errors="0">
  <testcase name="addInstitution" time="1.666" classname="TestFunctions.SettingsFunctions_Add_Institution"/>
  <system-out/>
</testsuite> <!-- TestFunctions.SettingsFunctions_Add_Institution -->
