<?xml version="1.0" encoding="UTF-8"?>
<!-- Generated by org.testng.reporters.JUnitReportReporter -->
<testsuite skipped="0" hostname="DESKTOP-9N55AFQ" name="TestFunctions.SettingsFunctions_Add_DocumentCategory" tests="1" failures="0" timestamp="2021-04-19T16:25:51 IST" time="2.114" errors="0">
  <testcase name="addDocumentCategory" time="2.114" classname="TestFunctions.SettingsFunctions_Add_DocumentCategory"/>
  <system-out/>
</testsuite> <!-- TestFunctions.SettingsFunctions_Add_DocumentCategory -->
