<?xml version="1.0" encoding="UTF-8"?>
<!-- Generated by org.testng.reporters.JUnitReportReporter -->
<testsuite skipped="0" hostname="DESKTOP-9N55AFQ" name="TestFunctions.Student_AuthenticateEvent" tests="1" failures="0" timestamp="2021-05-19T17:06:55 IST" time="6.686" errors="0">
  <testcase name="studentAuthenticateEvent" time="6.686" classname="TestFunctions.Student_AuthenticateEvent"/>
  <system-out/>
</testsuite> <!-- TestFunctions.Student_AuthenticateEvent -->
