<?xml version="1.0" encoding="UTF-8"?>
<!-- Generated by org.testng.reporters.JUnitReportReporter -->
<testsuite skipped="0" hostname="DESKTOP-9N55AFQ" name="TestFunctions.Login" tests="1" failures="0" timestamp="2021-03-23T13:27:29 IST" time="1.135" errors="0">
  <testcase name="verifyLogin" time="1.135" classname="TestFunctions.Login"/>
  <system-out/>
</testsuite> <!-- TestFunctions.Login -->
