<?xml version="1.0" encoding="UTF-8"?>
<!-- Generated by org.testng.reporters.JUnitReportReporter -->
<testsuite skipped="0" hostname="DESKTOP-9N55AFQ" name="TestFunctions.Login_NegativeVerifications" tests="1" failures="0" timestamp="2021-04-21T09:44:35 IST" time="4.901" errors="0">
  <testcase name="verifyNegativeLogin" time="4.901" classname="TestFunctions.Login_NegativeVerifications"/>
  <system-out/>
</testsuite> <!-- TestFunctions.Login_NegativeVerifications -->
