<?xml version="1.0" encoding="UTF-8"?>
<!-- Generated by org.testng.reporters.JUnitReportReporter -->
<testsuite skipped="0" hostname="DESKTOP-9N55AFQ" name="TestFunctions.Login_Student" tests="2" failures="0" timestamp="2021-05-03T14:33:31 IST" time="47.520" errors="0">
  <testcase name="verifyLogin" time="23.876" classname="TestFunctions.Login_Student"/>
  <system-out/>
  <testcase name="verifyLogin" time="23.644" classname="TestFunctions.Login_Student"/>
  <system-out/>
</testsuite> <!-- TestFunctions.Login_Student -->
