<?xml version="1.0" encoding="UTF-8"?>
<!-- Generated by org.testng.reporters.JUnitReportReporter -->
<testsuite skipped="0" hostname="DESKTOP-9N55AFQ" name="TestFunctions.Student_CreateEvent" tests="1" failures="0" timestamp="2021-04-22T14:11:27 IST" time="7.836" errors="0">
  <testcase name="student_createevent" time="7.836" classname="TestFunctions.Student_CreateEvent"/>
  <system-out/>
</testsuite> <!-- TestFunctions.Student_CreateEvent -->
